[0.011s] Invoking command in '/home/ycao/robotics_course/homework2/build/openloop': CMAKE_PREFIX_PATH=${CMAKE_PREFIX_PATH}:/home/ycao/interbotix_ws/install/interbotix_xs_modules:/home/ycao/interbotix_ws/install/interbotix_perception_modules:/home/ycao/interbotix_ws/install/interbotix_common_modules:/opt/ros/humble /usr/bin/cmake --build /home/ycao/robotics_course/homework2/build/openloop -- -j20 -l20
[0.063s] [ 50%] [32mBuilding CXX object CMakeFiles/openloop.dir/src/openloop.cpp.o[0m
[0.190s] [01m[K/home/ycao/robotics_course/homework2/src/openloop/src/openloop.cpp:3:10:[m[K [01;31m[Kfatal error: [m[Kgeometry_msgs/msg/twist.hpp: No such file or directory
[0.190s]     3 | #include [01;31m[K"geometry_msgs/msg/twist.hpp"[m[K
[0.190s]       |          [01;31m[K^~~~~~~~~~~~~~~~~~~~~~~~~~~~~[m[K
[0.190s] compilation terminated.
[0.194s] gmake[2]: *** [CMakeFiles/openloop.dir/build.make:76: CMakeFiles/openloop.dir/src/openloop.cpp.o] Error 1
[0.194s] gmake[1]: *** [CMakeFiles/Makefile2:137: CMakeFiles/openloop.dir/all] Error 2
[0.195s] gmake: *** [Makefile:146: all] Error 2
[0.197s] Invoked command in '/home/ycao/robotics_course/homework2/build/openloop' returned '2': CMAKE_PREFIX_PATH=${CMAKE_PREFIX_PATH}:/home/ycao/interbotix_ws/install/interbotix_xs_modules:/home/ycao/interbotix_ws/install/interbotix_perception_modules:/home/ycao/interbotix_ws/install/interbotix_common_modules:/opt/ros/humble /usr/bin/cmake --build /home/ycao/robotics_course/homework2/build/openloop -- -j20 -l20
