<?xml version="1.0" encoding="UTF-8"?>
<Site BuildName="(empty)"
	BuildStamp="20250427-0920-Experimental"
	Name="ycao-office-dev"
	Generator="ctest-3.22.1"
	CompilerName="/usr/bin/g++"
	CompilerVersion="11.4.0"
	OSName="Linux"
	Hostname="ycao-office-dev"
	OSRelease="6.8.0-57-generic"
	OSVersion="#59~22.04.1-Ubuntu SMP PREEMPT_DYNAMIC Wed Mar 19 17:07:41 UTC 2"
	OSPlatform="x86_64"
	Is64Bits="1"
	VendorString="GenuineIntel"
	VendorID="Intel Corporation"
	FamilyID="6"
	ModelID="183"
	ProcessorCacheSize="36864"
	NumberOfLogicalCPU="32"
	NumberOfPhysicalCPU="24"
	TotalVirtualMemory="2047"
	TotalPhysicalMemory="31830"
	LogicalProcessorsPerPhysical="1"
	ProcessorClockFrequency="5499.59"
	>
	<Testing>
		<StartDateTime>Apr 27 17:20 CST</StartDateTime>
		<StartTestTime>1745745602</StartTestTime>
		<TestList/>
		<EndDateTime>Apr 27 17:20 CST</EndDateTime>
		<EndTestTime>1745745602</EndTestTime>
		<ElapsedMinutes>0</ElapsedMinutes>
	</Testing>
</Site>
